------------------------------------ Week 5 ------------------------------------

Task 1:

1 [8.0, 304.0, 193.0, 70.0, 1.0, 4732.0, 18.5, 10.0] 0.0
31 [8.0, 318.0, 150.0, 73.0, 1.0, 3777.0, 12.5, 20.0] 0.13
61 [8.0, 429.0, 198.0, 73.0, 1.0, 4952.0, 11.5, 10.0] 0.2
91 [6.0, 232.0, 100.0, 73.0, 1.0, 2789.0, 15.0, 20.0] 0.25
121 [6.0, 225.0, 95.0, 75.0, 1.0, 3264.0, 16.0, 20.0] 0.31
151 [8.0, 351.0, 138.0, 79.0, 1.0, 3955.0, 13.2, 20.0] 0.38
181 [4.0, 91.0, 70.0, 71.0, 1.0, 1955.0, 20.5, 30.0] 0.49
211 [4.0, 151.0, 90.0, 79.0, 1.0, 2556.0, 13.2, 30.0] 0.58
241 [4.0, 151.0, 90.0, 82.0, 1.0, 2950.0, 17.3, 30.0] 0.67
271 [4.0, 121.0, 110.0, 73.0, 2.0, 2660.0, 14.0, 20.0] 0.69
301 [4.0, 115.0, 95.0, 75.0, 2.0, 2694.0, 15.0, 20.0] 0.72
331 [4.0, 97.0, 67.0, 77.0, 3.0, 1985.0, 16.4, 30.0] 0.75
361 [4.0, 98.0, 76.0, 80.0, 2.0, 2144.0, 14.7, 40.0] 0.81
391 [4.0, 105.0, 74.0, 82.0, 2.0, 1980.0, 15.3, 40.0] 0.85

Task 2:

far1: [4.0, 79.0, 58.0, 81.0, 3.0, 1755.0, 16.9, 40.0]
far2: [8.0, 429.0, 198.0, 73.0, 1.0, 4952.0, 11.5, 10.0]
distance: 0.8518172805202602

 ------------------------------------ Week 6,7 ------------------------------------

Task 1: Implementing the recursive tree


|.. 
|.. |.. 
|.. |.. |.. 
|.. |.. |.. |..                 {4.33, 145.58, 0, 74.54, 1.0, 2572.79, 16.39, 23.33}
|.. |.. |.. |..                 {5.84, 211.12, 0, 78.28, 1.0, 3209.4, 16.44, 21.2}
|.. |.. |.. 
|.. |.. |.. |..                 {6.0, 240.48, 0, 75.0, 1.0, 3399.16, 17.5, 20.0}
|.. |.. |.. |..                 {6.72, 262.28, 0, 70.8, 1.0, 3314.56, 14.3, 18.4}
|.. |.. 
|.. |.. |.. 
|.. |.. |.. |..                 {7.52, 290.48, 0, 79.28, 1.0, 3632.96, 15.36, 21.6}
|.. |.. |.. |..                 {8.0, 329.96, 0, 75.68, 1.0, 4151.72, 13.3, 16.0}
|.. |.. |.. 
|.. |.. |.. |..                 {8.0, 343.12, 0, 71.6, 1.0, 4117.84, 12.46, 13.6}
|.. |.. |.. |..                 {8.0, 397.12, 0, 72.28, 1.0, 4414.96, 11.68, 10.8}
|.. 
|.. |.. 
|.. |.. |.. 
|.. |.. |.. |..                 {4.0, 107.19, 0, 76.79, 1.0, 2253.17, 16.45, 29.58}
|.. |.. |.. |..                 {4.0, 125.72, 0, 81.6, 1.0, 2507.92, 16.6, 30.8}
|.. |.. |.. 
|.. |.. |.. |..                 {4.2, 111.76, 0, 76.24, 2.0, 2475.24, 15.39, 26.0}
|.. |.. |.. |..                 {4.08, 107.52, 0, 72.12, 2.0, 2377.72, 16.79, 26.0}
|.. |.. 
|.. |.. |.. 
|.. |.. |.. |..                 {4.16, 107.12, 0, 80.32, 2.0, 2352.68, 18.07, 34.8}
|.. |.. |.. |..                 {4.4, 116.72, 0, 80.6, 3.0, 2375.88, 15.67, 32.0}
|.. |.. |.. 
|.. |.. |.. |..                 {4.0, 98.76, 0, 72.8, 3.0, 2194.72, 16.18, 26.0}
|.. |.. |.. |..                 {3.92, 94.52, 0, 78.2, 3.0, 2131.48, 16.59, 31.6}

                                {5.45, 193.43, 0, 76.01, 1.0, 2970.42, 15.57, 23.84}
                        {Clndrs, Volume, HpX, Model, origin, Lbs-, Acc+, Mpg+}
evals:  16

Task 2: Optimization output - Single Descent

centroid of output cluster: 
{4.5, 150.54, 0, 81.83, 1.0, 2692.71, 16.42, 29.17} {5.52, 196.18, 0, 75.64, 1.0, 2988.25, 15.51, 23.5}
evals:  5

Task 3: Double tap

median and best found in that four: 
{4.0, 87.0, 0, 80.0, 3.0, 2032.33, 17.7, 43.33} {5.54, 199.44, 0, 75.88, 1.0, 3019.2, 15.51, 23.42}
evals:  9