------------------------------------------------------------------------------------------
SEED:  2705
------------------------------------------------------------------------------------------
1. top6: [[4380.0, 12.1, 20.0], [2126.0, 17.0, 30.0], [3830.0, 15.2, 20.0], [3620.0, 18.7, 20.0], [3415.0, 15.8, 20.0], [2295.0, 11.6, 30.0]]
2. top50:[[[4380.0, 12.1, 20.0], [2126.0, 17.0, 30.0], [3830.0, 15.2, 20.0], [3620.0, 18.7, 20.0], [3415.0, 15.8, 20.0], [2295.0, 11.6, 30.0], [3962.0, 13.9, 20.0], [4654.0, 13.0, 10.0], [3230.0, 20.4, 30.0], [2700.0, 12.9, 30.0], [4141.0, 14.0, 20.0], [4165.0, 11.4, 20.0], [4615.0, 14.0, 10.0], [2640.0, 18.6, 30.0], [2000.0, 16.0, 30.0], [3410.0, 15.1, 20.0], [3900.0, 17.4, 20.0], [2890.0, 17.3, 20.0], [2401.0, 19.5, 20.0], [4385.0, 12.0, 10.0], [3672.0, 11.5, 10.0], [4735.0, 11.0, 10.0], [1995.0, 16.2, 40.0], [2130.0, 14.5, 30.0], [4354.0, 9.0, 10.0], [4209.0, 12.0, 10.0], [3336.0, 17.0, 20.0], [3085.0, 17.6, 20.0], [1795.0, 17.4, 30.0], [2200.0, 13.2, 30.0], [3988.0, 13.0, 10.0], [4312.0, 8.5, 10.0], [4100.0, 13.0, 10.0], [4502.0, 13.5, 10.0], [1825.0, 18.6, 40.0], [3940.0, 13.2, 10.0], [1963.0, 15.5, 30.0], [3570.0, 12.8, 20.0], [2905.0, 14.3, 20.0], [3035.0, 20.5, 20.0], [1945.0, 16.8, 30.0], [2525.0, 16.0, 30.0], [2789.0, 15.0, 20.0], [1800.0, 14.4, 40.0], [2290.0, 17.0, 30.0], [4657.0, 13.5, 10.0], [1990.0, 14.9, 30.0], [1975.0, 19.4, 40.0], [1835.0, 17.3, 40.0], [3140.0, 13.6, 20.0]]]
3. most: [2130.0, 24.6, 40.0]
4: rand:[2585.0, 14.5, 30.0]
4: rand:[3250.0, 21.8, 30.0]
4: rand:[1850.0, 13.8, 40.0]
4: rand:[4360.0, 14.9, 20.0]
4: rand:[4096.0, 13.0, 10.0]
4: rand:[2592.0, 18.5, 20.0]
4: rand:[3449.0, 10.5, 20.0]
4: rand:[2933.0, 14.5, 20.0]
4: rand:[2639.0, 17.0, 20.0]
4: rand:[3530.0, 20.1, 30.0]
5: mid: [2952.781002638521, 15.494986807387862, 23.95778364116095]
5: mid: [2518.8222222222234, 16.36962962962963, 27.333333333333307]
5: mid: [2473.2600000000016, 16.32400000000001, 27.88]
5: mid: [2556.2813688212923, 16.207604562737643, 27.452471482889738]
5: mid: [2479.701195219124, 16.50916334661354, 28.007968127490035]
5: mid: [2415.590717299578, 16.45696202531647, 28.52320675105484]
5: mid: [2431.7520661157, 16.449586776859505, 28.347107438016536]
5: mid: [2422.740585774059, 16.451882845188294, 28.451882845188283]
5: mid: [2422.740585774059, 16.451882845188294, 28.451882845188283]
5: mid: [2369.2666666666682, 16.4528888888889, 28.977777777777764]
6: top: [2110.0, 17.9, 50.0]
6: top: [2110.0, 17.9, 50.0]
6: top: [2110.0, 17.9, 50.0]
6: top: [2110.0, 17.9, 50.0]
6: top: [2110.0, 17.9, 50.0]
6: top: [2110.0, 17.9, 50.0]
6: top: [2110.0, 17.9, 50.0]
6: top: [2110.0, 17.9, 50.0]
6: top: [2110.0, 17.9, 50.0]
6: top: [2110.0, 17.9, 50.0]
xxxxxxxxxxxxxxxxxxxxxxxxxxxxxxxxxxxxxxxxxxxxxxxxxxxxxxxxxxxxxxxxxxxxxxxxxxxxxxxxxxxxxxxxxx
------------------------------------------------------------------------------------------
SEED:  2630
------------------------------------------------------------------------------------------
1. top6: [[2110.0, 19.2, 40.0], [2945.0, 16.0, 20.0], [2545.0, 17.0, 20.0], [1980.0, 15.3, 40.0], [4633.0, 11.0, 10.0], [1985.0, 21.5, 40.0]]
2. top50:[[[2110.0, 19.2, 40.0], [2945.0, 16.0, 20.0], [2545.0, 17.0, 20.0], [1980.0, 15.3, 40.0], [4633.0, 11.0, 10.0], [1985.0, 21.5, 40.0], [4294.0, 16.0, 10.0], [4382.0, 13.5, 10.0], [3439.0, 15.5, 20.0], [3693.0, 11.5, 20.0], [4422.0, 12.5, 10.0], [2560.0, 14.2, 30.0], [2160.0, 14.5, 40.0], [1834.0, 19.0, 30.0], [2188.0, 15.8, 30.0], [2585.0, 14.5, 30.0], [2150.0, 14.9, 30.0], [3433.0, 12.0, 20.0], [3302.0, 15.5, 20.0], [2035.0, 22.2, 30.0], [2965.0, 15.8, 20.0], [3086.0, 10.0, 10.0], [2910.0, 11.4, 30.0], [3264.0, 16.0, 20.0], [3140.0, 13.6, 20.0], [3940.0, 13.0, 20.0], [2130.0, 14.5, 30.0], [4054.0, 14.3, 20.0], [4502.0, 13.5, 10.0], [4952.0, 11.5, 10.0], [2868.0, 15.5, 20.0], [3329.0, 15.5, 20.0], [3940.0, 13.2, 10.0], [3399.0, 11.0, 20.0], [4699.0, 14.5, 10.0], [4440.0, 14.0, 20.0], [2100.0, 16.5, 30.0], [3955.0, 13.2, 20.0], [3840.0, 15.4, 20.0], [2990.0, 18.2, 20.0], [3278.0, 18.0, 20.0], [3205.0, 11.2, 20.0], [2408.0, 19.5, 20.0], [3360.0, 16.6, 20.0], [2634.0, 13.0, 20.0], [2065.0, 17.8, 30.0], [2202.0, 15.3, 30.0], [2408.0, 19.0, 20.0], [2120.0, 15.5, 30.0], [2288.0, 17.0, 30.0]]]
3. most: [2130.0, 24.6, 40.0]
4: rand:[3221.0, 13.5, 20.0]
4: rand:[1845.0, 15.3, 30.0]
4: rand:[4042.0, 14.5, 10.0]
4: rand:[2220.0, 14.0, 20.0]
4: rand:[2904.0, 16.0, 20.0]
4: rand:[1995.0, 16.2, 40.0]
4: rand:[2155.0, 14.8, 30.0]
4: rand:[3630.0, 17.7, 20.0]
4: rand:[3459.0, 16.0, 20.0]
4: rand:[1825.0, 12.2, 30.0]
5: mid: [2304.4676616915417, 16.633333333333336, 29.601990049751244]
5: mid: [2304.4676616915417, 16.633333333333336, 29.601990049751244]
5: mid: [2306.1650000000013, 16.638000000000016, 29.599999999999994]
5: mid: [2307.5276381909553, 16.61005025125628, 29.597989949748737]
5: mid: [2305.3181818181815, 16.60959595959595, 29.64646464646465]
5: mid: [2302.857868020305, 16.61472081218274, 29.64467005076143]
5: mid: [2300.9438775510216, 16.615306122448985, 29.642857142857146]
5: mid: [2300.9438775510216, 16.615306122448985, 29.642857142857146]
5: mid: [2298.88717948718, 16.631282051282053, 29.692307692307697]
5: mid: [2298.88717948718, 16.631282051282053, 29.692307692307697]
6: top: [2665.0, 13.9, 30.0]
6: top: [2665.0, 13.9, 30.0]
6: top: [1965.0, 15.7, 30.0]
6: top: [2035.0, 22.2, 30.0]
6: top: [2035.0, 22.2, 30.0]
6: top: [2035.0, 22.2, 30.0]
6: top: [2035.0, 22.2, 30.0]
6: top: [2035.0, 22.2, 30.0]
6: top: [2035.0, 22.2, 30.0]
6: top: [2035.0, 22.2, 30.0]
xxxxxxxxxxxxxxxxxxxxxxxxxxxxxxxxxxxxxxxxxxxxxxxxxxxxxxxxxxxxxxxxxxxxxxxxxxxxxxxxxxxxxxxxxx
------------------------------------------------------------------------------------------
SEED:  4795
------------------------------------------------------------------------------------------
1. top6: [[4335.0, 14.5, 20.0], [2220.0, 14.0, 20.0], [3003.0, 20.1, 20.0], [2155.0, 16.4, 30.0], [2774.0, 15.5, 20.0], [2556.0, 13.2, 30.0]]
2. top50:[[[4335.0, 14.5, 20.0], [2220.0, 14.0, 20.0], [3003.0, 20.1, 20.0], [2155.0, 16.4, 30.0], [2774.0, 15.5, 20.0], [2556.0, 13.2, 30.0], [2395.0, 16.0, 20.0], [2640.0, 18.6, 30.0], [3664.0, 11.0, 10.0], [1836.0, 21.0, 30.0], [2050.0, 17.3, 40.0], [3430.0, 17.2, 20.0], [1834.0, 19.0, 30.0], [4294.0, 16.0, 10.0], [3278.0, 18.0, 20.0], [4732.0, 18.5, 10.0], [4354.0, 9.0, 10.0], [1867.0, 19.5, 30.0], [1965.0, 15.0, 40.0], [2585.0, 14.5, 30.0], [2408.0, 19.5, 20.0], [3830.0, 15.2, 20.0], [2950.0, 19.9, 40.0], [2189.0, 18.0, 30.0], [2074.0, 19.5, 30.0], [2045.0, 18.5, 30.0], [3962.0, 13.9, 20.0], [2434.0, 15.0, 40.0], [3336.0, 17.0, 20.0], [4312.0, 8.5, 10.0], [3230.0, 20.4, 30.0], [4100.0, 13.0, 10.0], [4154.0, 13.5, 10.0], [2210.0, 14.4, 30.0], [4422.0, 12.5, 10.0], [3245.0, 15.4, 20.0], [2575.0, 16.2, 30.0], [2124.0, 13.5, 20.0], [4165.0, 11.4, 20.0], [2639.0, 17.0, 20.0], [3070.0, 16.7, 20.0], [2671.0, 13.5, 30.0], [1795.0, 17.5, 30.0], [4140.0, 13.7, 20.0], [4499.0, 12.5, 10.0], [2228.0, 14.0, 30.0], [2595.0, 11.3, 30.0], [4363.0, 13.0, 10.0], [2490.0, 15.7, 30.0], [2420.0, 12.5, 20.0]]]
3. most: [2130.0, 24.6, 40.0]
4: rand:[2130.0, 24.6, 40.0]
4: rand:[4141.0, 14.0, 20.0]
4: rand:[4080.0, 13.7, 20.0]
4: rand:[2125.0, 14.7, 40.0]
4: rand:[3940.0, 13.2, 10.0]
4: rand:[3160.0, 19.6, 30.0]
4: rand:[2620.0, 14.4, 30.0]
4: rand:[3070.0, 16.7, 20.0]
4: rand:[2511.0, 18.0, 20.0]
4: rand:[2595.0, 11.3, 30.0]
5: mid: [2309.31683168317, 16.585148514851483, 29.50495049504951]
5: mid: [2307.8457711442793, 16.57014925373135, 29.50248756218906]
5: mid: [2309.634999999999, 16.557999999999996, 29.500000000000004]
5: mid: [2309.634999999999, 16.557999999999996, 29.500000000000004]
5: mid: [2309.2060301507545, 16.5608040201005, 29.547738693467352]
5: mid: [2308.8232323232332, 16.57929292929293, 29.54545454545455]
5: mid: [2308.8232323232332, 16.57929292929293, 29.54545454545455]
5: mid: [2308.8232323232332, 16.57929292929293, 29.54545454545455]
5: mid: [2308.8232323232332, 16.57929292929293, 29.54545454545455]
5: mid: [2308.8232323232332, 16.57929292929293, 29.54545454545455]
6: top: [1834.0, 19.0, 30.0]
6: top: [1834.0, 19.0, 30.0]
6: top: [1834.0, 19.0, 30.0]
6: top: [1834.0, 19.0, 30.0]
6: top: [1834.0, 19.0, 30.0]
6: top: [1834.0, 19.0, 30.0]
6: top: [1834.0, 19.0, 30.0]
6: top: [1834.0, 19.0, 30.0]
6: top: [1834.0, 19.0, 30.0]
6: top: [1834.0, 19.0, 30.0]
xxxxxxxxxxxxxxxxxxxxxxxxxxxxxxxxxxxxxxxxxxxxxxxxxxxxxxxxxxxxxxxxxxxxxxxxxxxxxxxxxxxxxxxxxx
------------------------------------------------------------------------------------------
SEED:  7865
------------------------------------------------------------------------------------------
1. top6: [[1825.0, 12.2, 30.0], [2900.0, 12.6, 30.0], [3420.0, 22.2, 20.0], [3381.0, 18.7, 20.0], [4385.0, 12.0, 10.0], [2634.0, 13.0, 20.0]]
2. top50:[[[1825.0, 12.2, 30.0], [2900.0, 12.6, 30.0], [3420.0, 22.2, 20.0], [3381.0, 18.7, 20.0], [4385.0, 12.0, 10.0], [2634.0, 13.0, 20.0], [4335.0, 14.5, 20.0], [4209.0, 12.0, 10.0], [2126.0, 17.0, 30.0], [1975.0, 19.4, 40.0], [4997.0, 14.0, 10.0], [1795.0, 17.5, 30.0], [3102.0, 16.5, 20.0], [3336.0, 17.0, 20.0], [2592.0, 18.5, 20.0], [2160.0, 14.5, 40.0], [2795.0, 15.7, 20.0], [3278.0, 18.0, 20.0], [3399.0, 11.0, 20.0], [1760.0, 16.1, 40.0], [2003.0, 19.0, 30.0], [3329.0, 15.5, 20.0], [3425.0, 13.2, 20.0], [4638.0, 16.0, 10.0], [4456.0, 13.5, 10.0], [2189.0, 18.0, 30.0], [2615.0, 14.8, 30.0], [3725.0, 19.0, 30.0], [2725.0, 12.6, 20.0], [1875.0, 16.4, 40.0], [3439.0, 15.5, 20.0], [2164.0, 22.1, 20.0], [1850.0, 13.8, 40.0], [2310.0, 18.5, 20.0], [2144.0, 14.7, 40.0], [4295.0, 14.9, 20.0], [3035.0, 20.5, 20.0], [4325.0, 12.2, 20.0], [2245.0, 16.9, 30.0], [3940.0, 13.2, 10.0], [4746.0, 12.0, 10.0], [2605.0, 19.6, 30.0], [2051.0, 17.0, 30.0], [3940.0, 13.0, 20.0], [3840.0, 15.4, 20.0], [1980.0, 15.3, 40.0], [3955.0, 13.2, 20.0], [2070.0, 18.6, 40.0], [3570.0, 12.8, 20.0], [2135.0, 16.6, 30.0]]]
3. most: [2130.0, 24.6, 40.0]
4: rand:[4154.0, 13.5, 10.0]
4: rand:[4498.0, 14.5, 20.0]
4: rand:[3015.0, 17.0, 40.0]
4: rand:[2155.0, 16.5, 30.0]
4: rand:[2300.0, 15.5, 30.0]
4: rand:[3399.0, 11.0, 20.0]
4: rand:[2979.0, 19.5, 20.0]
4: rand:[3415.0, 15.8, 20.0]
4: rand:[2865.0, 16.4, 20.0]
4: rand:[2500.0, 15.1, 40.0]
5: mid: [3066.296296296296, 15.807407407407407, 25.185185185185187]
5: mid: [2595.013422818789, 16.4003355704698, 26.677852348993294]
5: mid: [2573.1224489795923, 16.4874149659864, 26.904761904761894]
5: mid: [2572.3856655290106, 16.492491467576784, 26.928327645051194]
5: mid: [2573.4383561643845, 16.4958904109589, 26.91780821917808]
5: mid: [2309.9800995024866, 16.625870646766174, 29.50248756218904]
5: mid: [2312.5300000000007, 16.627000000000006, 29.449999999999992]
5: mid: [2312.5300000000007, 16.627000000000006, 29.449999999999992]
5: mid: [2313.095477386934, 16.644221105527624, 29.44723618090452]
5: mid: [2310.9141414141413, 16.643939393939398, 29.494949494949495]
6: top: [1915.0, 14.4, 40.0]
6: top: [1915.0, 14.4, 40.0]
6: top: [1915.0, 14.4, 40.0]
6: top: [1915.0, 14.4, 40.0]
6: top: [1915.0, 14.4, 40.0]
6: top: [1915.0, 14.4, 40.0]
6: top: [1800.0, 16.4, 40.0]
6: top: [1800.0, 16.4, 40.0]
6: top: [1800.0, 16.4, 40.0]
6: top: [1800.0, 16.4, 40.0]
xxxxxxxxxxxxxxxxxxxxxxxxxxxxxxxxxxxxxxxxxxxxxxxxxxxxxxxxxxxxxxxxxxxxxxxxxxxxxxxxxxxxxxxxxx
------------------------------------------------------------------------------------------
SEED:  14397
------------------------------------------------------------------------------------------
1. top6: [[2506.0, 14.5, 20.0], [2310.0, 18.5, 20.0], [3139.0, 14.5, 20.0], [3672.0, 11.5, 10.0], [3211.0, 17.0, 20.0], [2124.0, 13.5, 20.0]]
2. top50:[[[2506.0, 14.5, 20.0], [2310.0, 18.5, 20.0], [3139.0, 14.5, 20.0], [3672.0, 11.5, 10.0], [3211.0, 17.0, 20.0], [2124.0, 13.5, 20.0], [2223.0, 16.5, 30.0], [1875.0, 16.4, 40.0], [2648.0, 15.0, 20.0], [2855.0, 17.6, 20.0], [2020.0, 19.2, 30.0], [1990.0, 17.0, 30.0], [4129.0, 13.0, 10.0], [3250.0, 21.8, 30.0], [2295.0, 11.6, 30.0], [1845.0, 15.3, 30.0], [4699.0, 14.5, 10.0], [1963.0, 15.5, 30.0], [2190.0, 14.2, 30.0], [2074.0, 19.5, 30.0], [1937.0, 14.2, 30.0], [2125.0, 14.5, 30.0], [2868.0, 15.5, 20.0], [2075.0, 15.9, 30.0], [3439.0, 15.5, 20.0], [1985.0, 16.0, 30.0], [3035.0, 20.5, 20.0], [3830.0, 15.2, 20.0], [4502.0, 13.5, 10.0], [2910.0, 11.4, 30.0], [4215.0, 12.8, 10.0], [4906.0, 12.5, 10.0], [1835.0, 17.3, 40.0], [3085.0, 17.6, 20.0], [2155.0, 16.5, 30.0], [4498.0, 14.5, 20.0], [2807.0, 13.5, 20.0], [4141.0, 14.0, 20.0], [2245.0, 16.9, 30.0], [2210.0, 14.4, 30.0], [3193.0, 17.8, 20.0], [3725.0, 13.4, 20.0], [4633.0, 11.0, 10.0], [3940.0, 13.0, 20.0], [4654.0, 13.0, 10.0], [2545.0, 17.0, 20.0], [1925.0, 14.0, 30.0], [2019.0, 16.4, 40.0], [2984.0, 14.5, 20.0], [2372.0, 15.0, 20.0]]]
3. most: [2130.0, 24.6, 40.0]
4: rand:[3459.0, 16.0, 20.0]
4: rand:[2620.0, 14.4, 30.0]
4: rand:[3021.0, 16.5, 20.0]
4: rand:[4054.0, 14.3, 20.0]
4: rand:[3233.0, 15.4, 20.0]
4: rand:[2395.0, 16.0, 20.0]
4: rand:[1968.0, 18.8, 40.0]
4: rand:[2672.0, 17.5, 30.0]
4: rand:[4237.0, 14.5, 10.0]
4: rand:[1825.0, 12.2, 30.0]
5: mid: [2310.8613861386143, 16.60841584158415, 29.5049504950495]
5: mid: [2574.569965870307, 16.484300341296922, 26.928327645051183]
5: mid: [2308.427860696519, 16.619402985074622, 29.502487562189046]
5: mid: [2308.427860696519, 16.619402985074622, 29.502487562189046]
5: mid: [2310.79, 16.597499999999993, 29.500000000000007]
5: mid: [2311.396984924622, 16.609547738693465, 29.49748743718594]
5: mid: [2312.333333333333, 16.60757575757576, 29.494949494949495]
5: mid: [2312.333333333333, 16.60757575757576, 29.494949494949495]
5: mid: [2312.333333333333, 16.60757575757576, 29.494949494949495]
5: mid: [2312.333333333333, 16.60757575757576, 29.494949494949495]
6: top: [2219.0, 16.5, 30.0]
6: top: [2219.0, 16.5, 30.0]
6: top: [2219.0, 16.5, 30.0]
6: top: [2219.0, 16.5, 30.0]
6: top: [1836.0, 21.0, 30.0]
6: top: [1836.0, 21.0, 30.0]
6: top: [1836.0, 21.0, 30.0]
6: top: [1836.0, 21.0, 30.0]
6: top: [1836.0, 21.0, 30.0]
6: top: [1836.0, 21.0, 30.0]
xxxxxxxxxxxxxxxxxxxxxxxxxxxxxxxxxxxxxxxxxxxxxxxxxxxxxxxxxxxxxxxxxxxxxxxxxxxxxxxxxxxxxxxxxx
------------------------------------------------------------------------------------------
SEED:  9397
------------------------------------------------------------------------------------------
1. top6: [[1985.0, 21.5, 40.0], [2790.0, 15.6, 30.0], [2735.0, 18.0, 30.0], [1995.0, 16.2, 40.0], [2930.0, 13.8, 20.0], [4312.0, 8.5, 10.0]]
2. top50:[[[1985.0, 21.5, 40.0], [2790.0, 15.6, 30.0], [2735.0, 18.0, 30.0], [1995.0, 16.2, 40.0], [2930.0, 13.8, 20.0], [4312.0, 8.5, 10.0], [2430.0, 14.5, 20.0], [4220.0, 11.1, 20.0], [2380.0, 20.7, 30.0], [4325.0, 12.2, 20.0], [2542.0, 17.5, 30.0], [2556.0, 13.2, 30.0], [1937.0, 14.2, 30.0], [4341.0, 10.0, 20.0], [2375.0, 17.5, 30.0], [2202.0, 15.3, 30.0], [2945.0, 14.5, 20.0], [3415.0, 15.8, 20.0], [2019.0, 16.4, 40.0], [4502.0, 13.5, 10.0], [3230.0, 20.4, 30.0], [3940.0, 13.2, 10.0], [3085.0, 17.6, 20.0], [2464.0, 15.5, 30.0], [3755.0, 14.0, 10.0], [2587.0, 16.0, 20.0], [4257.0, 15.5, 10.0], [1845.0, 15.3, 30.0], [1985.0, 19.4, 30.0], [4464.0, 11.5, 10.0], [4638.0, 16.0, 10.0], [4380.0, 12.1, 20.0], [2391.0, 15.5, 30.0], [2020.0, 19.2, 30.0], [2164.0, 15.0, 30.0], [2295.0, 11.6, 30.0], [4215.0, 12.8, 10.0], [2401.0, 19.5, 20.0], [1980.0, 15.3, 40.0], [3102.0, 16.5, 20.0], [2807.0, 13.5, 20.0], [2434.0, 15.0, 40.0], [3015.0, 17.0, 40.0], [3436.0, 11.0, 20.0], [3250.0, 21.8, 30.0], [2370.0, 13.0, 40.0], [3445.0, 13.4, 20.0], [2962.0, 13.5, 20.0], [2126.0, 17.0, 30.0], [2125.0, 17.3, 40.0]]]
3. most: [2130.0, 24.6, 40.0]
4: rand:[2635.0, 16.4, 30.0]
4: rand:[3410.0, 15.8, 20.0]
4: rand:[2620.0, 14.4, 30.0]
4: rand:[3900.0, 17.4, 20.0]
4: rand:[2965.0, 15.8, 20.0]
4: rand:[3155.0, 18.2, 20.0]
4: rand:[2145.0, 18.0, 30.0]
4: rand:[3821.0, 11.0, 10.0]
4: rand:[4098.0, 14.0, 10.0]
4: rand:[3169.0, 12.0, 10.0]
5: mid: [2710.9522292993624, 16.210509554140142, 26.305732484076437]
5: mid: [2608.0067796610165, 16.423050847457624, 26.94915254237288]
5: mid: [2633.3231292517016, 16.347278911564636, 26.972789115646236]
5: mid: [2560.3592592592586, 16.303333333333338, 27.444444444444432]
5: mid: [2592.235507246376, 16.30434782608695, 27.427536231884048]
5: mid: [2606.358974358976, 16.14432234432234, 27.252747252747263]
5: mid: [2616.3283018867937, 16.32641509433963, 27.396226415094336]
5: mid: [2528.0632411067204, 16.20909090909091, 27.826086956521756]
5: mid: [2497.2154471544695, 16.265853658536592, 28.089430894308933]
5: mid: [2343.8525345622115, 16.522580645161288, 29.21658986175114]
6: top: [2670.0, 15.0, 30.0]
6: top: [2670.0, 15.0, 30.0]
6: top: [2670.0, 15.0, 30.0]
6: top: [2670.0, 15.0, 30.0]
6: top: [2670.0, 15.0, 30.0]
6: top: [2670.0, 15.0, 30.0]
6: top: [2670.0, 15.0, 30.0]
6: top: [2046.0, 19.0, 30.0]
6: top: [2046.0, 19.0, 30.0]
6: top: [2046.0, 19.0, 30.0]
xxxxxxxxxxxxxxxxxxxxxxxxxxxxxxxxxxxxxxxxxxxxxxxxxxxxxxxxxxxxxxxxxxxxxxxxxxxxxxxxxxxxxxxxxx
------------------------------------------------------------------------------------------
SEED:  7985
------------------------------------------------------------------------------------------
1. top6: [[3459.0, 16.0, 20.0], [2246.0, 14.0, 30.0], [2660.0, 14.0, 20.0], [2855.0, 17.6, 20.0], [2635.0, 18.3, 30.0], [4096.0, 13.0, 10.0]]
2. top50:[[[3459.0, 16.0, 20.0], [2246.0, 14.0, 30.0], [2660.0, 14.0, 20.0], [2855.0, 17.6, 20.0], [2635.0, 18.3, 30.0], [4096.0, 13.0, 10.0], [2205.0, 14.5, 40.0], [2210.0, 14.4, 30.0], [3520.0, 16.4, 20.0], [2515.0, 14.8, 20.0], [2639.0, 17.0, 20.0], [1834.0, 19.0, 30.0], [3785.0, 19.0, 20.0], [3962.0, 13.9, 20.0], [2130.0, 24.6, 40.0], [2123.0, 14.0, 30.0], [2265.0, 15.5, 30.0], [2678.0, 16.5, 30.0], [2110.0, 17.9, 50.0], [3940.0, 13.0, 20.0], [3210.0, 17.2, 20.0], [2223.0, 16.5, 30.0], [3250.0, 21.8, 30.0], [2379.0, 16.5, 20.0], [2160.0, 14.5, 40.0], [2202.0, 15.3, 30.0], [1995.0, 16.2, 40.0], [3632.0, 18.0, 20.0], [2525.0, 16.0, 30.0], [2556.0, 13.2, 30.0], [2957.0, 17.0, 20.0], [1755.0, 16.9, 40.0], [2255.0, 17.7, 30.0], [2108.0, 15.5, 20.0], [2234.0, 12.5, 30.0], [4295.0, 14.9, 20.0], [4502.0, 13.5, 10.0], [2587.0, 16.0, 20.0], [4135.0, 13.5, 20.0], [1937.0, 14.0, 30.0], [2000.0, 16.0, 30.0], [3907.0, 21.0, 20.0], [1955.0, 20.5, 30.0], [2150.0, 14.9, 30.0], [3620.0, 18.7, 20.0], [4274.0, 12.0, 10.0], [2582.0, 14.0, 20.0], [2100.0, 16.5, 30.0], [2506.0, 14.5, 20.0], [2720.0, 13.5, 20.0]]]
3. most: [2130.0, 24.6, 40.0]
4: rand:[2585.0, 14.5, 30.0]
4: rand:[2130.0, 14.7, 40.0]
4: rand:[4077.0, 14.0, 10.0]
4: rand:[2288.0, 17.0, 30.0]
4: rand:[2265.0, 15.2, 30.0]
4: rand:[2370.0, 13.0, 40.0]
4: rand:[2408.0, 19.0, 20.0]
4: rand:[2019.0, 16.4, 40.0]
4: rand:[3613.0, 16.5, 20.0]
4: rand:[2990.0, 18.2, 20.0]
5: mid: [2657.6400000000012, 16.342999999999993, 27.9]
5: mid: [2525.6774193548395, 16.465806451612906, 29.548387096774178]
5: mid: [2308.597014925373, 16.578109452736324, 29.502487562189057]
5: mid: [2310.124999999998, 16.56600000000001, 29.5]
5: mid: [2224.837349397589, 16.45662650602409, 30.120481927710845]
5: mid: [2223.866666666666, 16.478181818181827, 30.121212121212118]
5: mid: [2310.7360406091366, 16.61928934010153, 29.441624365482248]
5: mid: [2309.3367346938776, 16.630102040816347, 29.438775510204096]
5: mid: [2307.7435897435894, 16.64153846153848, 29.43589743589745]
5: mid: [2305.2061855670104, 16.653092783505162, 29.43298969072166]
6: top: [2556.0, 13.2, 30.0]
6: top: [2110.0, 19.2, 40.0]
6: top: [2110.0, 19.2, 40.0]
6: top: [2110.0, 19.2, 40.0]
6: top: [2110.0, 19.2, 40.0]
6: top: [2110.0, 19.2, 40.0]
6: top: [2110.0, 19.2, 40.0]
6: top: [2110.0, 19.2, 40.0]
6: top: [2110.0, 19.2, 40.0]
6: top: [2110.0, 19.2, 40.0]
xxxxxxxxxxxxxxxxxxxxxxxxxxxxxxxxxxxxxxxxxxxxxxxxxxxxxxxxxxxxxxxxxxxxxxxxxxxxxxxxxxxxxxxxxx
------------------------------------------------------------------------------------------
SEED:  1183
------------------------------------------------------------------------------------------
1. top6: [[3233.0, 15.4, 20.0], [1965.0, 15.0, 40.0], [4735.0, 11.0, 10.0], [2370.0, 13.0, 40.0], [2672.0, 17.5, 30.0], [2408.0, 19.0, 20.0]]
2. top50:[[[3233.0, 15.4, 20.0], [1965.0, 15.0, 40.0], [4735.0, 11.0, 10.0], [2370.0, 13.0, 40.0], [2672.0, 17.5, 30.0], [2408.0, 19.0, 20.0], [2720.0, 19.4, 30.0], [3160.0, 19.6, 30.0], [4077.0, 14.0, 10.0], [3139.0, 14.5, 20.0], [3850.0, 8.5, 20.0], [4135.0, 13.5, 20.0], [3329.0, 15.5, 20.0], [1975.0, 15.2, 30.0], [1950.0, 19.0, 30.0], [2350.0, 16.8, 30.0], [2408.0, 19.5, 20.0], [2625.0, 18.6, 30.0], [2130.0, 24.6, 40.0], [4354.0, 9.0, 10.0], [2755.0, 15.8, 30.0], [2500.0, 15.1, 40.0], [2405.0, 14.9, 20.0], [3962.0, 13.9, 20.0], [2085.0, 21.7, 40.0], [3900.0, 17.4, 20.0], [2720.0, 15.4, 30.0], [3735.0, 13.2, 20.0], [2945.0, 16.0, 20.0], [3725.0, 13.4, 20.0], [3645.0, 16.2, 20.0], [1925.0, 14.0, 30.0], [3158.0, 19.5, 20.0], [2789.0, 15.0, 20.0], [3205.0, 11.2, 20.0], [2279.0, 19.0, 20.0], [2830.0, 15.9, 20.0], [2130.0, 14.7, 40.0], [4615.0, 14.0, 10.0], [1995.0, 16.2, 40.0], [4457.0, 13.5, 10.0], [3015.0, 17.0, 40.0], [1985.0, 21.5, 40.0], [2300.0, 15.5, 30.0], [2202.0, 15.3, 30.0], [2740.0, 16.0, 20.0], [3897.0, 18.5, 20.0], [3504.0, 12.0, 20.0], [2158.0, 15.5, 20.0], [3221.0, 13.5, 20.0]]]
3. most: [2130.0, 24.6, 40.0]
4: rand:[3632.0, 18.0, 20.0]
4: rand:[3730.0, 19.0, 20.0]
4: rand:[4499.0, 12.5, 10.0]
4: rand:[2807.0, 13.5, 20.0]
4: rand:[2900.0, 12.6, 30.0]
4: rand:[2401.0, 19.5, 20.0]
4: rand:[3140.0, 13.6, 20.0]
4: rand:[2702.0, 13.5, 20.0]
4: rand:[2234.0, 12.5, 30.0]
4: rand:[4215.0, 13.0, 20.0]
5: mid: [2371.695652173913, 17.286956521739132, 34.34782608695652]
5: mid: [2342.9999999999995, 17.159090909090907, 35.000000000000014]
5: mid: [2342.9999999999995, 17.159090909090907, 35.000000000000014]
5: mid: [2342.9999999999995, 17.159090909090907, 35.000000000000014]
5: mid: [2342.9999999999995, 17.159090909090907, 35.000000000000014]
5: mid: [2354.0952380952376, 17.06190476190476, 34.76190476190476]
5: mid: [2306.67336683417, 16.58743718592965, 29.49748743718593]
5: mid: [2306.883838383839, 16.592929292929302, 29.494949494949495]
5: mid: [2302.401015228427, 16.551269035532982, 29.492385786802036]
5: mid: [2302.401015228427, 16.551269035532982, 29.492385786802036]
6: top: [2188.0, 15.8, 30.0]
6: top: [2188.0, 15.8, 30.0]
6: top: [2188.0, 15.8, 30.0]
6: top: [2188.0, 15.8, 30.0]
6: top: [2188.0, 15.8, 30.0]
6: top: [2110.0, 19.2, 40.0]
6: top: [2110.0, 19.2, 40.0]
6: top: [2110.0, 19.2, 40.0]
6: top: [2110.0, 19.2, 40.0]
6: top: [2110.0, 19.2, 40.0]
xxxxxxxxxxxxxxxxxxxxxxxxxxxxxxxxxxxxxxxxxxxxxxxxxxxxxxxxxxxxxxxxxxxxxxxxxxxxxxxxxxxxxxxxxx
------------------------------------------------------------------------------------------
SEED:  9269
------------------------------------------------------------------------------------------
1. top6: [[1968.0, 18.8, 40.0], [1755.0, 16.9, 40.0], [3892.0, 12.5, 20.0], [4380.0, 12.1, 20.0], [4732.0, 18.5, 10.0], [3210.0, 17.2, 20.0]]
2. top50:[[[1968.0, 18.8, 40.0], [1755.0, 16.9, 40.0], [3892.0, 12.5, 20.0], [4380.0, 12.1, 20.0], [4732.0, 18.5, 10.0], [3210.0, 17.2, 20.0], [4638.0, 16.0, 10.0], [3169.0, 12.0, 10.0], [2720.0, 19.4, 30.0], [2790.0, 15.6, 30.0], [4220.0, 11.1, 20.0], [3988.0, 13.0, 10.0], [2350.0, 16.8, 30.0], [3940.0, 13.0, 20.0], [2125.0, 14.5, 30.0], [2408.0, 19.5, 20.0], [3193.0, 17.8, 20.0], [2045.0, 18.5, 30.0], [1965.0, 15.7, 30.0], [2265.0, 15.2, 30.0], [2130.0, 14.5, 30.0], [2290.0, 17.0, 30.0], [2434.0, 15.0, 40.0], [3410.0, 15.1, 20.0], [3735.0, 13.2, 20.0], [2542.0, 17.5, 30.0], [3205.0, 11.2, 20.0], [4082.0, 13.0, 20.0], [2472.0, 14.0, 20.0], [4615.0, 14.0, 10.0], [2395.0, 18.0, 30.0], [2310.0, 18.5, 20.0], [1800.0, 16.4, 40.0], [2807.0, 13.5, 20.0], [2144.0, 14.7, 40.0], [3282.0, 15.0, 20.0], [3955.0, 13.2, 20.0], [2370.0, 13.0, 40.0], [2587.0, 16.0, 20.0], [2065.0, 14.5, 30.0], [4699.0, 14.5, 10.0], [2000.0, 16.0, 30.0], [2875.0, 17.0, 20.0], [1985.0, 16.4, 30.0], [1773.0, 19.0, 30.0], [2979.0, 19.5, 20.0], [2815.0, 14.5, 20.0], [2220.0, 16.9, 30.0], [2745.0, 16.7, 20.0], [2420.0, 12.5, 20.0]]]
3. most: [2130.0, 24.6, 40.0]
4: rand:[3436.0, 11.0, 20.0]
4: rand:[1613.0, 18.0, 40.0]
4: rand:[4615.0, 14.0, 10.0]
4: rand:[1825.0, 12.2, 30.0]
4: rand:[4376.0, 15.0, 10.0]
4: rand:[4190.0, 13.0, 20.0]
4: rand:[3158.0, 19.5, 20.0]
4: rand:[3430.0, 17.2, 20.0]
4: rand:[3445.0, 13.4, 20.0]
4: rand:[3160.0, 19.6, 30.0]
5: mid: [2351.590604026846, 16.266442953020142, 28.255033557046985]
5: mid: [2310.4676616915417, 16.608955223880596, 29.40298507462686]
5: mid: [2310.4676616915417, 16.608955223880596, 29.40298507462686]
5: mid: [2311.3949999999986, 16.619500000000002, 29.399999999999988]
5: mid: [2311.3949999999986, 16.619500000000002, 29.399999999999988]
5: mid: [2308.0402010050257, 16.60502512562815, 29.44723618090453]
5: mid: [2309.2222222222226, 16.59040404040403, 29.444444444444446]
5: mid: [2309.2222222222226, 16.59040404040403, 29.444444444444446]
5: mid: [2310.53807106599, 16.58680203045684, 29.390862944162425]
5: mid: [2310.770408163265, 16.593877551020412, 29.387755102040796]
6: top: [2434.0, 15.0, 40.0]
6: top: [1800.0, 16.4, 40.0]
6: top: [1800.0, 16.4, 40.0]
6: top: [1800.0, 16.4, 40.0]
6: top: [1800.0, 16.4, 40.0]
6: top: [1800.0, 16.4, 40.0]
6: top: [1800.0, 16.4, 40.0]
6: top: [1800.0, 16.4, 40.0]
6: top: [2050.0, 17.3, 40.0]
6: top: [2050.0, 17.3, 40.0]
xxxxxxxxxxxxxxxxxxxxxxxxxxxxxxxxxxxxxxxxxxxxxxxxxxxxxxxxxxxxxxxxxxxxxxxxxxxxxxxxxxxxxxxxxx
------------------------------------------------------------------------------------------
SEED:  5124
------------------------------------------------------------------------------------------
1. top6: [[4140.0, 13.7, 20.0], [2672.0, 17.5, 30.0], [2702.0, 13.5, 20.0], [2671.0, 13.5, 30.0], [4129.0, 13.0, 10.0], [3563.0, 10.0, 20.0]]
2. top50:[[[4140.0, 13.7, 20.0], [2672.0, 17.5, 30.0], [2702.0, 13.5, 20.0], [2671.0, 13.5, 30.0], [4129.0, 13.0, 10.0], [3563.0, 10.0, 20.0], [3336.0, 17.0, 20.0], [1825.0, 18.6, 40.0], [4746.0, 12.0, 10.0], [3445.0, 13.4, 20.0], [1836.0, 21.0, 30.0], [3570.0, 12.8, 20.0], [2230.0, 14.5, 30.0], [2278.0, 15.5, 20.0], [1970.0, 17.6, 30.0], [4654.0, 13.0, 10.0], [2320.0, 15.8, 30.0], [3035.0, 20.5, 20.0], [3735.0, 13.2, 20.0], [2565.0, 13.6, 30.0], [4154.0, 13.5, 10.0], [2665.0, 13.9, 30.0], [1834.0, 19.0, 30.0], [2226.0, 16.5, 20.0], [2735.0, 18.0, 30.0], [3433.0, 12.0, 20.0], [1937.0, 14.0, 30.0], [3436.0, 11.0, 20.0], [3150.0, 15.7, 20.0], [4997.0, 14.0, 10.0], [2370.0, 13.0, 40.0], [1955.0, 20.5, 30.0], [4209.0, 12.0, 10.0], [4215.0, 12.8, 10.0], [4220.0, 11.1, 20.0], [1800.0, 16.4, 40.0], [2434.0, 15.0, 40.0], [4615.0, 14.0, 10.0], [2945.0, 16.0, 20.0], [4382.0, 13.5, 10.0], [2600.0, 12.8, 20.0], [2464.0, 15.5, 30.0], [2123.0, 14.0, 30.0], [2694.0, 15.0, 20.0], [3955.0, 13.2, 20.0], [2830.0, 15.9, 20.0], [2914.0, 16.0, 20.0], [3288.0, 15.5, 20.0], [2572.0, 14.9, 30.0], [3520.0, 16.4, 20.0]]]
3. most: [2130.0, 24.6, 40.0]
4: rand:[2124.0, 13.5, 20.0]
4: rand:[2711.0, 15.5, 30.0]
4: rand:[3777.0, 12.5, 20.0]
4: rand:[2246.0, 14.0, 30.0]
4: rand:[2930.0, 13.8, 20.0]
4: rand:[1836.0, 21.0, 30.0]
4: rand:[2230.0, 14.5, 30.0]
4: rand:[2330.0, 13.5, 20.0]
4: rand:[2865.0, 16.4, 20.0]
4: rand:[2395.0, 16.0, 20.0]
5: mid: [4320.666666666668, 12.277777777777777, 12.222222222222221]
5: mid: [4102.704545454546, 12.970454545454542, 15.454545454545459]
5: mid: [3988.7428571428572, 13.527142857142858, 16.714285714285708]
5: mid: [4062.945205479452, 13.135616438356163, 16.027397260273972]
5: mid: [3916.357142857142, 13.904761904761905, 16.66666666666666]
5: mid: [3977.021276595745, 13.968085106382976, 17.659574468085115]
5: mid: [3983.291666666666, 13.989583333333332, 17.29166666666667]
5: mid: [3984.7045454545455, 14.015909090909092, 17.272727272727273]
5: mid: [3977.642857142858, 14.171428571428573, 17.61904761904762]
5: mid: [3981.3421052631575, 14.150000000000002, 17.894736842105264]
6: top: [3988.0, 13.0, 10.0]
6: top: [4077.0, 14.0, 10.0]
6: top: [3449.0, 10.5, 20.0]
6: top: [3449.0, 10.5, 20.0]
6: top: [3449.0, 10.5, 20.0]
6: top: [3900.0, 17.4, 20.0]
6: top: [3900.0, 17.4, 20.0]
6: top: [3900.0, 17.4, 20.0]
6: top: [3900.0, 17.4, 20.0]
6: top: [3900.0, 17.4, 20.0]
xxxxxxxxxxxxxxxxxxxxxxxxxxxxxxxxxxxxxxxxxxxxxxxxxxxxxxxxxxxxxxxxxxxxxxxxxxxxxxxxxxxxxxxxxx
------------------------------------------------------------------------------------------
SEED:  10726
------------------------------------------------------------------------------------------
1. top6: [[3039.0, 15.0, 20.0], [2725.0, 12.6, 20.0], [2125.0, 14.5, 30.0], [2745.0, 16.7, 20.0], [3445.0, 13.4, 20.0], [3085.0, 17.6, 20.0]]
2. top50:[[[3039.0, 15.0, 20.0], [2725.0, 12.6, 20.0], [2125.0, 14.5, 30.0], [2745.0, 16.7, 20.0], [3445.0, 13.4, 20.0], [3085.0, 17.6, 20.0], [2615.0, 14.8, 30.0], [2678.0, 16.5, 30.0], [3574.0, 21.0, 20.0], [1800.0, 14.4, 40.0], [4209.0, 12.0, 10.0], [2945.0, 16.0, 20.0], [4082.0, 13.0, 20.0], [1825.0, 18.6, 40.0], [2595.0, 11.3, 30.0], [3302.0, 15.5, 20.0], [2230.0, 14.5, 30.0], [1965.0, 15.0, 40.0], [2158.0, 15.5, 20.0], [2070.0, 18.6, 40.0], [2600.0, 12.8, 20.0], [3651.0, 17.7, 20.0], [1945.0, 16.8, 30.0], [3439.0, 15.5, 20.0], [2288.0, 17.0, 30.0], [3060.0, 17.1, 20.0], [2870.0, 18.1, 30.0], [4440.0, 14.0, 20.0], [4380.0, 12.1, 20.0], [3158.0, 19.5, 20.0], [4425.0, 10.0, 10.0], [3449.0, 10.5, 20.0], [3535.0, 19.2, 20.0], [2065.0, 14.5, 30.0], [2670.0, 16.0, 30.0], [1963.0, 15.5, 30.0], [2500.0, 15.1, 40.0], [1990.0, 14.9, 30.0], [1985.0, 16.0, 30.0], [3190.0, 24.8, 30.0], [2672.0, 17.5, 30.0], [3459.0, 16.0, 20.0], [2979.0, 19.5, 20.0], [2914.0, 16.0, 20.0], [3278.0, 18.0, 20.0], [2130.0, 14.5, 30.0], [2835.0, 14.7, 20.0], [4215.0, 13.0, 20.0], [2190.0, 14.2, 30.0], [2075.0, 15.9, 30.0]]]
3. most: [2130.0, 24.6, 40.0]
4: rand:[2670.0, 15.0, 30.0]
4: rand:[4054.0, 14.3, 20.0]
4: rand:[2234.0, 12.5, 30.0]
4: rand:[3329.0, 15.5, 20.0]
4: rand:[2868.0, 15.5, 20.0]
4: rand:[4735.0, 11.0, 10.0]
4: rand:[2300.0, 14.7, 30.0]
4: rand:[4096.0, 13.0, 10.0]
4: rand:[2125.0, 17.3, 40.0]
4: rand:[3155.0, 18.2, 20.0]
5: mid: [2571.1843003412955, 16.48225255972694, 26.99658703071672]
5: mid: [2573.2260273972606, 16.472260273972587, 26.952054794520528]
5: mid: [2311.8258706467664, 16.59452736318407, 29.452736318407954]
5: mid: [2311.509999999999, 16.59000000000001, 29.449999999999996]
5: mid: [2312.29648241206, 16.598994974874383, 29.44723618090452]
5: mid: [2312.29648241206, 16.598994974874383, 29.44723618090452]
5: mid: [2312.29648241206, 16.598994974874383, 29.44723618090452]
5: mid: [2312.29648241206, 16.598994974874383, 29.44723618090452]
5: mid: [2309.8333333333344, 16.61010101010101, 29.44444444444445]
5: mid: [2309.0507614213184, 16.61573604060914, 29.44162436548223]
6: top: [2226.0, 16.5, 20.0]
6: top: [1975.0, 19.4, 40.0]
6: top: [1975.0, 19.4, 40.0]
6: top: [1975.0, 19.4, 40.0]
6: top: [1975.0, 19.4, 40.0]
6: top: [1975.0, 19.4, 40.0]
6: top: [1975.0, 19.4, 40.0]
6: top: [1975.0, 19.4, 40.0]
6: top: [1975.0, 19.4, 40.0]
6: top: [1975.0, 19.4, 40.0]
xxxxxxxxxxxxxxxxxxxxxxxxxxxxxxxxxxxxxxxxxxxxxxxxxxxxxxxxxxxxxxxxxxxxxxxxxxxxxxxxxxxxxxxxxx
------------------------------------------------------------------------------------------
SEED:  10083
------------------------------------------------------------------------------------------
1. top6: [[3012.0, 17.6, 20.0], [3433.0, 12.0, 20.0], [1755.0, 16.9, 40.0], [3381.0, 18.7, 20.0], [3085.0, 17.6, 20.0], [3021.0, 16.5, 20.0]]
2. top50:[[[3012.0, 17.6, 20.0], [3433.0, 12.0, 20.0], [1755.0, 16.9, 40.0], [3381.0, 18.7, 20.0], [3085.0, 17.6, 20.0], [3021.0, 16.5, 20.0], [4732.0, 18.5, 10.0], [2278.0, 15.5, 20.0], [3535.0, 19.2, 20.0], [1945.0, 16.8, 30.0], [4220.0, 11.1, 20.0], [3613.0, 16.5, 20.0], [2635.0, 16.4, 30.0], [2815.0, 14.5, 20.0], [3336.0, 17.0, 20.0], [2020.0, 19.2, 30.0], [2905.0, 14.3, 20.0], [2833.0, 15.5, 20.0], [3353.0, 14.5, 20.0], [4499.0, 12.5, 10.0], [3781.0, 17.0, 20.0], [3430.0, 17.2, 20.0], [1975.0, 15.2, 30.0], [2472.0, 14.0, 20.0], [2215.0, 14.9, 30.0], [4502.0, 13.5, 10.0], [4654.0, 13.0, 10.0], [2130.0, 14.5, 30.0], [2219.0, 16.5, 30.0], [4440.0, 14.0, 20.0], [2045.0, 16.2, 30.0], [1937.0, 14.2, 30.0], [1965.0, 15.0, 40.0], [2108.0, 15.5, 20.0], [2130.0, 14.7, 40.0], [4951.0, 11.0, 10.0], [2965.0, 15.8, 20.0], [1825.0, 18.6, 40.0], [2910.0, 11.4, 30.0], [2587.0, 16.0, 20.0], [2702.0, 13.5, 20.0], [3785.0, 19.0, 20.0], [2720.0, 19.4, 30.0], [2220.0, 14.0, 20.0], [4422.0, 12.5, 10.0], [3525.0, 19.0, 20.0], [2046.0, 19.0, 30.0], [2565.0, 13.6, 30.0], [2300.0, 14.7, 30.0], [2490.0, 15.7, 30.0]]]
3. most: [2130.0, 24.6, 40.0]
4: rand:[3245.0, 15.4, 20.0]
4: rand:[2700.0, 12.9, 30.0]
4: rand:[3381.0, 18.7, 20.0]
4: rand:[4657.0, 13.5, 10.0]
4: rand:[2965.0, 15.8, 20.0]
4: rand:[3570.0, 12.8, 20.0]
4: rand:[2370.0, 13.0, 40.0]
4: rand:[3520.0, 16.4, 20.0]
4: rand:[4294.0, 16.0, 10.0]
4: rand:[2075.0, 15.9, 30.0]
5: mid: [2569.7542662116025, 16.46313993174062, 26.962457337883965]
5: mid: [2569.7542662116025, 16.46313993174062, 26.962457337883965]
5: mid: [2569.746575342465, 16.46849315068493, 26.952054794520546]
5: mid: [2308.2636815920396, 16.593532338308474, 29.502487562189053]
5: mid: [2307.764999999998, 16.581500000000005, 29.550000000000004]
5: mid: [2309.3618090452255, 16.579396984924625, 29.54773869346733]
5: mid: [2309.3618090452255, 16.579396984924625, 29.54773869346733]
5: mid: [2310.3181818181815, 16.58484848484848, 29.545454545454543]
5: mid: [2310.3181818181815, 16.58484848484848, 29.545454545454543]
5: mid: [2310.868020304568, 16.59137055837565, 29.543147208121834]
6: top: [1950.0, 19.0, 30.0]
6: top: [1950.0, 19.0, 30.0]
6: top: [1950.0, 19.0, 30.0]
6: top: [1950.0, 19.0, 30.0]
6: top: [1950.0, 19.0, 30.0]
6: top: [1950.0, 19.0, 30.0]
6: top: [1950.0, 19.0, 30.0]
6: top: [1950.0, 19.0, 30.0]
6: top: [1950.0, 19.0, 30.0]
6: top: [1950.0, 19.0, 30.0]
xxxxxxxxxxxxxxxxxxxxxxxxxxxxxxxxxxxxxxxxxxxxxxxxxxxxxxxxxxxxxxxxxxxxxxxxxxxxxxxxxxxxxxxxxx
------------------------------------------------------------------------------------------
SEED:  13733
------------------------------------------------------------------------------------------
1. top6: [[3897.0, 18.5, 20.0], [4325.0, 12.2, 20.0], [1800.0, 16.4, 40.0], [2160.0, 14.5, 40.0], [2542.0, 17.5, 30.0], [2670.0, 16.0, 30.0]]
2. top50:[[[3897.0, 18.5, 20.0], [4325.0, 12.2, 20.0], [1800.0, 16.4, 40.0], [2160.0, 14.5, 40.0], [2542.0, 17.5, 30.0], [2670.0, 16.0, 30.0], [4380.0, 12.1, 20.0], [2560.0, 14.2, 30.0], [3436.0, 11.0, 20.0], [2020.0, 19.2, 30.0], [4100.0, 13.0, 10.0], [3850.0, 8.5, 20.0], [2670.0, 15.0, 30.0], [3907.0, 21.0, 20.0], [2200.0, 13.2, 30.0], [1649.0, 16.5, 30.0], [4215.0, 13.0, 20.0], [2074.0, 19.5, 30.0], [2300.0, 14.7, 30.0], [3761.0, 9.5, 20.0], [3233.0, 15.4, 20.0], [3415.0, 15.8, 20.0], [2164.0, 15.0, 30.0], [1760.0, 16.1, 40.0], [3955.0, 13.2, 20.0], [4464.0, 12.0, 10.0], [1955.0, 20.5, 30.0], [2288.0, 17.0, 30.0], [2600.0, 12.8, 20.0], [2220.0, 16.9, 30.0], [1940.0, 14.5, 30.0], [2900.0, 12.6, 30.0], [2190.0, 14.2, 30.0], [4638.0, 16.0, 10.0], [2245.0, 16.9, 30.0], [2635.0, 18.3, 30.0], [2155.0, 16.5, 30.0], [3086.0, 10.0, 10.0], [3605.0, 15.0, 20.0], [2150.0, 14.9, 30.0], [2720.0, 15.4, 30.0], [2545.0, 17.0, 20.0], [2585.0, 14.5, 30.0], [3250.0, 21.8, 30.0], [2678.0, 16.5, 30.0], [3381.0, 18.7, 20.0], [2124.0, 13.5, 20.0], [2164.0, 22.1, 20.0], [4278.0, 9.5, 20.0], [4499.0, 12.5, 10.0]]]
3. most: [2130.0, 24.6, 40.0]
4: rand:[2945.0, 14.5, 20.0]
4: rand:[2556.0, 13.2, 30.0]
4: rand:[2219.0, 16.5, 30.0]
4: rand:[2901.0, 16.0, 20.0]
4: rand:[2979.0, 19.5, 20.0]
4: rand:[4498.0, 14.5, 20.0]
4: rand:[4140.0, 13.7, 20.0]
4: rand:[2003.0, 19.0, 30.0]
4: rand:[3570.0, 12.8, 20.0]
4: rand:[3158.0, 19.5, 20.0]
5: mid: [2751.660777385161, 15.566077738515908, 25.90106007067138]
5: mid: [2760.907216494845, 15.629896907216496, 25.841924398625423]
5: mid: [2404.0843881856545, 16.419831223628684, 28.607594936708846]
5: mid: [2387.504273504275, 16.378632478632483, 28.63247863247863]
5: mid: [2373.378260869564, 16.385652173913048, 28.78260869565219]
5: mid: [2367.2844444444454, 16.423555555555545, 28.977777777777792]
5: mid: [2391.72033898305, 16.411440677966098, 28.559322033898297]
5: mid: [2394.630901287554, 16.423605150214595, 28.66952789699571]
5: mid: [2424.3900709219865, 16.32553191489361, 30.78014184397164]
5: mid: [2431.270072992699, 16.32554744525547, 30.87591240875912]
6: top: [1970.0, 17.6, 30.0]
6: top: [1970.0, 17.6, 30.0]
6: top: [1970.0, 17.6, 30.0]
6: top: [1970.0, 17.6, 30.0]
6: top: [1970.0, 17.6, 30.0]
6: top: [1970.0, 17.6, 30.0]
6: top: [1970.0, 17.6, 30.0]
6: top: [1970.0, 17.6, 30.0]
6: top: [1970.0, 17.6, 30.0]
6: top: [1970.0, 17.6, 30.0]
xxxxxxxxxxxxxxxxxxxxxxxxxxxxxxxxxxxxxxxxxxxxxxxxxxxxxxxxxxxxxxxxxxxxxxxxxxxxxxxxxxxxxxxxxx
------------------------------------------------------------------------------------------
SEED:  940
------------------------------------------------------------------------------------------
1. top6: [[2795.0, 15.7, 20.0], [2901.0, 16.0, 20.0], [4615.0, 14.0, 10.0], [4082.0, 13.0, 20.0], [2120.0, 15.5, 30.0], [3150.0, 15.7, 20.0]]
2. top50:[[[2795.0, 15.7, 20.0], [2901.0, 16.0, 20.0], [4615.0, 14.0, 10.0], [4082.0, 13.0, 20.0], [2120.0, 15.5, 30.0], [3150.0, 15.7, 20.0], [1613.0, 18.0, 40.0], [3160.0, 19.6, 30.0], [2125.0, 17.3, 40.0], [1940.0, 14.5, 30.0], [4055.0, 12.0, 10.0], [1649.0, 16.5, 30.0], [3821.0, 11.0, 10.0], [4457.0, 13.5, 10.0], [2070.0, 18.6, 40.0], [1963.0, 15.5, 30.0], [3563.0, 10.0, 20.0], [2145.0, 18.0, 30.0], [3169.0, 12.0, 10.0], [2255.0, 17.7, 30.0], [4735.0, 11.0, 10.0], [4209.0, 12.0, 10.0], [1834.0, 19.0, 30.0], [2215.0, 14.9, 30.0], [2635.0, 18.3, 30.0], [3035.0, 20.5, 20.0], [2220.0, 14.0, 20.0], [4654.0, 13.0, 10.0], [3021.0, 16.5, 20.0], [3940.0, 13.2, 10.0], [2625.0, 18.6, 30.0], [2634.0, 13.0, 20.0], [4054.0, 14.3, 20.0], [2678.0, 16.5, 30.0], [2123.0, 14.0, 30.0], [1800.0, 16.4, 40.0], [4190.0, 13.0, 20.0], [4464.0, 12.0, 10.0], [2665.0, 13.9, 30.0], [3525.0, 19.0, 20.0], [3210.0, 17.2, 20.0], [4638.0, 16.0, 10.0], [3940.0, 13.0, 20.0], [2188.0, 15.8, 30.0], [2945.0, 16.0, 20.0], [3630.0, 17.7, 20.0], [2745.0, 16.7, 20.0], [2391.0, 15.5, 30.0], [3420.0, 22.2, 20.0], [3003.0, 20.1, 20.0]]]
3. most: [2130.0, 24.6, 40.0]
4: rand:[2870.0, 18.1, 30.0]
4: rand:[3840.0, 15.4, 20.0]
4: rand:[2565.0, 13.6, 30.0]
4: rand:[3425.0, 16.9, 20.0]
4: rand:[3140.0, 13.6, 20.0]
4: rand:[2790.0, 15.6, 30.0]
4: rand:[4380.0, 12.1, 20.0]
4: rand:[4237.0, 14.5, 10.0]
4: rand:[2910.0, 11.4, 30.0]
4: rand:[3645.0, 16.2, 20.0]
5: mid: [2309.2277227722784, 16.591089108910904, 29.5049504950495]
5: mid: [2311.014925373135, 16.56915422885572, 29.502487562189064]
5: mid: [2309.0150000000003, 16.574500000000004, 29.49999999999999]
5: mid: [2310.341708542714, 16.57638190954775, 29.49748743718593]
5: mid: [2310.6212121212134, 16.570707070707062, 29.494949494949484]
5: mid: [2310.6212121212134, 16.570707070707062, 29.494949494949484]
5: mid: [2310.6212121212134, 16.570707070707062, 29.494949494949484]
5: mid: [2310.6212121212134, 16.570707070707062, 29.494949494949484]
5: mid: [2311.5634517766507, 16.567005076142134, 29.441624365482237]
5: mid: [2308.270408163267, 16.56479591836735, 29.48979591836734]
6: top: [2074.0, 19.5, 30.0]
6: top: [1950.0, 21.0, 30.0]
6: top: [1950.0, 21.0, 30.0]
6: top: [1950.0, 21.0, 30.0]
6: top: [1950.0, 21.0, 30.0]
6: top: [1950.0, 21.0, 30.0]
6: top: [1950.0, 21.0, 30.0]
6: top: [1950.0, 21.0, 30.0]
6: top: [2125.0, 17.3, 40.0]
6: top: [2125.0, 17.3, 40.0]
xxxxxxxxxxxxxxxxxxxxxxxxxxxxxxxxxxxxxxxxxxxxxxxxxxxxxxxxxxxxxxxxxxxxxxxxxxxxxxxxxxxxxxxxxx
------------------------------------------------------------------------------------------
SEED:  1704
------------------------------------------------------------------------------------------
1. top6: [[2202.0, 15.3, 30.0], [2065.0, 17.8, 30.0], [3021.0, 16.5, 20.0], [2155.0, 14.8, 30.0], [3693.0, 11.5, 20.0], [2110.0, 19.2, 40.0]]
2. top50:[[[2202.0, 15.3, 30.0], [2065.0, 17.8, 30.0], [3021.0, 16.5, 20.0], [2155.0, 14.8, 30.0], [3693.0, 11.5, 20.0], [2110.0, 19.2, 40.0], [2230.0, 14.5, 30.0], [1985.0, 16.0, 30.0], [2420.0, 12.5, 20.0], [3730.0, 19.0, 20.0], [3897.0, 18.5, 20.0], [3613.0, 16.5, 20.0], [3563.0, 10.0, 20.0], [2288.0, 17.0, 30.0], [2171.0, 16.0, 30.0], [2605.0, 19.6, 30.0], [3735.0, 13.2, 20.0], [4042.0, 14.5, 10.0], [4422.0, 12.5, 10.0], [1937.0, 14.2, 30.0], [2228.0, 14.0, 30.0], [4257.0, 15.5, 10.0], [4354.0, 9.0, 10.0], [2000.0, 16.0, 30.0], [3140.0, 13.6, 20.0], [4341.0, 10.0, 20.0], [2405.0, 14.9, 20.0], [2670.0, 15.0, 30.0], [4054.0, 14.3, 20.0], [2755.0, 15.8, 30.0], [2300.0, 15.5, 30.0], [2472.0, 14.0, 20.0], [2190.0, 14.2, 30.0], [2051.0, 17.0, 30.0], [1963.0, 15.5, 30.0], [3160.0, 19.6, 30.0], [1834.0, 19.0, 30.0], [2735.0, 18.0, 30.0], [2245.0, 16.9, 30.0], [2126.0, 17.0, 30.0], [3830.0, 15.2, 20.0], [1613.0, 18.0, 40.0], [2050.0, 17.3, 40.0], [2370.0, 13.0, 40.0], [1937.0, 14.0, 30.0], [2150.0, 14.9, 30.0], [3900.0, 17.4, 20.0], [3785.0, 19.0, 20.0], [1965.0, 15.0, 40.0], [2264.0, 15.5, 30.0]]]
3. most: [2130.0, 24.6, 40.0]
4: rand:[2945.0, 16.4, 30.0]
4: rand:[4360.0, 14.9, 20.0]
4: rand:[3755.0, 14.0, 10.0]
4: rand:[4237.0, 14.5, 10.0]
4: rand:[1834.0, 19.0, 30.0]
4: rand:[2372.0, 15.0, 20.0]
4: rand:[2720.0, 15.4, 30.0]
4: rand:[3880.0, 12.5, 20.0]
4: rand:[3962.0, 13.9, 20.0]
4: rand:[1836.0, 21.0, 30.0]
5: mid: [2304.2227722772286, 16.57673267326734, 29.504950495049496]
5: mid: [2569.9931740614334, 16.462457337883954, 26.928327645051198]
5: mid: [2567.1164383561613, 16.46712328767123, 26.95205479452055]
5: mid: [2567.1164383561613, 16.46712328767123, 26.95205479452055]
5: mid: [2303.820895522388, 16.595024875621903, 29.50248756218905]
5: mid: [2363.9677419354834, 16.39354838709677, 29.03225806451614]
5: mid: [2359.7387387387394, 16.38423423423423, 28.96396396396397]
5: mid: [2356.3909090909096, 16.403636363636384, 29.045454545454543]
5: mid: [2352.00921658986, 16.46082949308755, 29.078341013824893]
5: mid: [2352.00921658986, 16.46082949308755, 29.078341013824893]
6: top: [3250.0, 21.8, 30.0]
6: top: [3250.0, 21.8, 30.0]
6: top: [3250.0, 21.8, 30.0]
6: top: [3250.0, 21.8, 30.0]
6: top: [3250.0, 21.8, 30.0]
6: top: [3250.0, 21.8, 30.0]
6: top: [3250.0, 21.8, 30.0]
6: top: [3250.0, 21.8, 30.0]
6: top: [3250.0, 21.8, 30.0]
6: top: [3250.0, 21.8, 30.0]
xxxxxxxxxxxxxxxxxxxxxxxxxxxxxxxxxxxxxxxxxxxxxxxxxxxxxxxxxxxxxxxxxxxxxxxxxxxxxxxxxxxxxxxxxx
------------------------------------------------------------------------------------------
SEED:  7436
------------------------------------------------------------------------------------------
1. top6: [[3449.0, 10.5, 20.0], [2050.0, 17.3, 40.0], [3840.0, 15.4, 20.0], [2755.0, 15.8, 30.0], [3336.0, 17.0, 20.0], [2545.0, 17.0, 20.0]]
2. top50:[[[3449.0, 10.5, 20.0], [2050.0, 17.3, 40.0], [3840.0, 15.4, 20.0], [2755.0, 15.8, 30.0], [3336.0, 17.0, 20.0], [2545.0, 17.0, 20.0], [2074.0, 19.5, 30.0], [4209.0, 12.0, 10.0], [2205.0, 14.5, 40.0], [3525.0, 19.0, 20.0], [3530.0, 20.1, 30.0], [2000.0, 16.0, 30.0], [2833.0, 15.5, 20.0], [3282.0, 15.0, 20.0], [1850.0, 13.8, 40.0], [2226.0, 16.5, 20.0], [2045.0, 16.2, 30.0], [2945.0, 14.5, 20.0], [4654.0, 13.0, 10.0], [3021.0, 16.5, 20.0], [3060.0, 17.1, 20.0], [4425.0, 10.0, 10.0], [2202.0, 15.3, 30.0], [2592.0, 18.5, 20.0], [4215.0, 13.0, 20.0], [3735.0, 13.2, 20.0], [4190.0, 13.0, 20.0], [4042.0, 14.5, 10.0], [4141.0, 14.0, 20.0], [2807.0, 13.5, 20.0], [2395.0, 18.0, 30.0], [2375.0, 17.5, 30.0], [3645.0, 16.2, 20.0], [4668.0, 11.5, 20.0], [2587.0, 16.0, 20.0], [2265.0, 18.2, 30.0], [1825.0, 12.2, 30.0], [2310.0, 18.5, 20.0], [2575.0, 16.2, 30.0], [2164.0, 22.1, 20.0], [4080.0, 13.7, 20.0], [2135.0, 16.6, 30.0], [4220.0, 11.1, 20.0], [2278.0, 15.5, 20.0], [2795.0, 15.7, 20.0], [3420.0, 22.2, 20.0], [1985.0, 16.0, 30.0], [2694.0, 15.0, 20.0], [2830.0, 15.9, 20.0], [3755.0, 14.0, 10.0]]]
3. most: [2130.0, 24.6, 40.0]
4: rand:[2635.0, 16.4, 30.0]
4: rand:[2126.0, 17.0, 30.0]
4: rand:[1836.0, 21.0, 30.0]
4: rand:[2745.0, 16.7, 20.0]
4: rand:[2635.0, 16.4, 30.0]
4: rand:[2795.0, 15.7, 20.0]
4: rand:[2560.0, 14.2, 30.0]
4: rand:[2375.0, 17.5, 30.0]
4: rand:[2572.0, 14.9, 30.0]
4: rand:[2556.0, 13.2, 30.0]
5: mid: [2593.0000000000005, 16.18024691358025, 27.160493827160487]
5: mid: [2312.4096385542157, 16.535542168674695, 30.120481927710852]
5: mid: [2312.4096385542157, 16.535542168674695, 30.120481927710852]
5: mid: [2312.4096385542157, 16.535542168674695, 30.120481927710852]
5: mid: [2312.4096385542157, 16.535542168674695, 30.120481927710852]
5: mid: [2312.4096385542157, 16.535542168674695, 30.120481927710852]
5: mid: [2297.7743589743586, 16.58410256410255, 29.692307692307683]
5: mid: [2297.355670103093, 16.584536082474216, 29.742268041237125]
5: mid: [2297.355670103093, 16.584536082474216, 29.742268041237125]
5: mid: [2297.355670103093, 16.584536082474216, 29.742268041237125]
6: top: [3250.0, 21.8, 30.0]
6: top: [3250.0, 21.8, 30.0]
6: top: [3250.0, 21.8, 30.0]
6: top: [3250.0, 21.8, 30.0]
6: top: [3250.0, 21.8, 30.0]
6: top: [3250.0, 21.8, 30.0]
6: top: [1867.0, 19.5, 30.0]
6: top: [1867.0, 19.5, 30.0]
6: top: [1867.0, 19.5, 30.0]
6: top: [1867.0, 19.5, 30.0]
xxxxxxxxxxxxxxxxxxxxxxxxxxxxxxxxxxxxxxxxxxxxxxxxxxxxxxxxxxxxxxxxxxxxxxxxxxxxxxxxxxxxxxxxxx
------------------------------------------------------------------------------------------
SEED:  8898
------------------------------------------------------------------------------------------
1. top6: [[3785.0, 19.0, 20.0], [2945.0, 16.4, 30.0], [3425.0, 16.9, 20.0], [4951.0, 11.0, 10.0], [3672.0, 11.5, 10.0], [2725.0, 12.6, 20.0]]
2. top50:[[[3785.0, 19.0, 20.0], [2945.0, 16.4, 30.0], [3425.0, 16.9, 20.0], [4951.0, 11.0, 10.0], [3672.0, 11.5, 10.0], [2725.0, 12.6, 20.0], [1835.0, 20.5, 30.0], [4220.0, 11.1, 20.0], [1867.0, 19.5, 30.0], [3735.0, 13.2, 20.0], [2515.0, 14.8, 20.0], [2560.0, 14.2, 30.0], [2265.0, 15.5, 30.0], [3233.0, 15.4, 20.0], [2189.0, 18.0, 30.0], [4633.0, 11.0, 10.0], [4699.0, 14.5, 10.0], [3730.0, 19.0, 20.0], [3282.0, 15.0, 20.0], [3336.0, 17.0, 20.0], [4098.0, 14.0, 10.0], [2000.0, 16.0, 30.0], [2490.0, 15.7, 30.0], [2100.0, 16.5, 30.0], [3360.0, 16.6, 20.0], [1985.0, 16.0, 30.0], [2125.0, 17.3, 40.0], [2408.0, 19.0, 20.0], [2984.0, 14.5, 20.0], [2045.0, 18.5, 30.0], [3459.0, 16.0, 20.0], [2126.0, 17.0, 30.0], [4190.0, 13.0, 20.0], [2320.0, 15.8, 30.0], [2962.0, 13.5, 20.0], [2639.0, 17.0, 20.0], [3840.0, 15.4, 20.0], [4456.0, 13.5, 10.0], [2556.0, 13.2, 30.0], [2830.0, 15.9, 20.0], [4209.0, 12.0, 10.0], [3264.0, 16.0, 20.0], [1985.0, 16.4, 30.0], [3613.0, 16.5, 20.0], [1760.0, 16.1, 40.0], [2957.0, 17.0, 20.0], [3169.0, 12.0, 10.0], [1795.0, 17.5, 30.0], [2160.0, 14.5, 40.0], [4735.0, 11.0, 10.0]]]
3. most: [2130.0, 24.6, 40.0]
4: rand:[2219.0, 16.5, 30.0]
4: rand:[3336.0, 17.0, 20.0]
4: rand:[2490.0, 15.7, 30.0]
4: rand:[3233.0, 15.4, 20.0]
4: rand:[2375.0, 17.5, 30.0]
4: rand:[3221.0, 13.5, 20.0]
4: rand:[1795.0, 17.5, 30.0]
4: rand:[2904.0, 16.0, 20.0]
4: rand:[3570.0, 12.8, 20.0]
4: rand:[4997.0, 14.0, 10.0]
5: mid: [2689.2272727272702, 16.24943181818182, 28.4659090909091]
5: mid: [2618.6051660516587, 16.541328413284138, 26.97416974169743]
5: mid: [2439.47619047619, 16.453679653679647, 28.571428571428587]
5: mid: [2311.7711442786076, 16.589552238805968, 29.50248756218905]
5: mid: [2313.645, 16.602500000000006, 29.5]
5: mid: [2315.2060301507545, 16.59045226130655, 29.49748743718592]
5: mid: [2314.737373737373, 16.575757575757574, 29.545454545454536]
5: mid: [2314.737373737373, 16.575757575757574, 29.545454545454536]
5: mid: [2311.08121827411, 16.55583756345178, 29.593908629441636]
5: mid: [2309.6836734693884, 16.56632653061226, 29.591836734693878]
6: top: [2130.0, 14.7, 40.0]
6: top: [2130.0, 14.7, 40.0]
6: top: [1836.0, 21.0, 30.0]
6: top: [1836.0, 21.0, 30.0]
6: top: [1836.0, 21.0, 30.0]
6: top: [1836.0, 21.0, 30.0]
6: top: [1836.0, 21.0, 30.0]
6: top: [1836.0, 21.0, 30.0]
6: top: [1836.0, 21.0, 30.0]
6: top: [1836.0, 21.0, 30.0]
xxxxxxxxxxxxxxxxxxxxxxxxxxxxxxxxxxxxxxxxxxxxxxxxxxxxxxxxxxxxxxxxxxxxxxxxxxxxxxxxxxxxxxxxxx
------------------------------------------------------------------------------------------
SEED:  11660
------------------------------------------------------------------------------------------
1. top6: [[2205.0, 14.5, 40.0], [2124.0, 13.5, 20.0], [3693.0, 11.5, 20.0], [3672.0, 11.5, 10.0], [2670.0, 16.0, 30.0], [2930.0, 13.8, 20.0]]
2. top50:[[[2205.0, 14.5, 40.0], [2124.0, 13.5, 20.0], [3693.0, 11.5, 20.0], [3672.0, 11.5, 10.0], [2670.0, 16.0, 30.0], [2930.0, 13.8, 20.0], [2774.0, 15.5, 20.0], [3777.0, 12.5, 20.0], [1800.0, 14.4, 40.0], [2500.0, 15.1, 40.0], [2074.0, 19.5, 30.0], [2123.0, 14.0, 30.0], [3850.0, 8.5, 20.0], [1965.0, 15.0, 40.0], [3672.0, 11.5, 20.0], [2515.0, 14.8, 20.0], [4360.0, 14.9, 20.0], [3820.0, 16.7, 20.0], [4464.0, 11.5, 10.0], [2900.0, 12.6, 30.0], [4215.0, 13.0, 20.0], [4385.0, 12.0, 10.0], [2045.0, 18.5, 30.0], [2379.0, 16.5, 20.0], [2335.0, 23.7, 40.0], [2110.0, 17.9, 50.0], [1980.0, 15.3, 40.0], [3830.0, 15.2, 20.0], [2051.0, 17.0, 30.0], [2542.0, 17.5, 30.0], [3459.0, 16.0, 20.0], [1985.0, 21.5, 40.0], [2720.0, 19.4, 30.0], [3015.0, 17.0, 40.0], [4096.0, 13.0, 10.0], [1867.0, 19.5, 30.0], [3620.0, 18.7, 20.0], [2220.0, 16.9, 30.0], [3735.0, 13.2, 20.0], [1975.0, 19.4, 40.0], [2085.0, 21.7, 40.0], [1760.0, 16.1, 40.0], [2735.0, 18.0, 30.0], [4190.0, 13.0, 20.0], [4335.0, 14.5, 20.0], [2164.0, 22.1, 20.0], [2223.0, 16.5, 30.0], [3012.0, 17.6, 20.0], [3821.0, 11.0, 10.0], [2228.0, 14.0, 30.0]]]
3. most: [2130.0, 24.6, 40.0]
4: rand:[2372.0, 15.0, 20.0]
4: rand:[4154.0, 13.5, 10.0]
4: rand:[2694.0, 15.0, 20.0]
4: rand:[2965.0, 15.8, 20.0]
4: rand:[2279.0, 19.0, 20.0]
4: rand:[1613.0, 18.0, 40.0]
4: rand:[2575.0, 16.2, 30.0]
4: rand:[1835.0, 17.3, 40.0]
4: rand:[1825.0, 12.2, 30.0]
4: rand:[2789.0, 15.0, 20.0]
5: mid: [2711.8965517241377, 16.200000000000003, 25.51724137931035]
5: mid: [2711.8965517241377, 16.200000000000003, 25.51724137931035]
5: mid: [2711.8965517241377, 16.200000000000003, 25.51724137931035]
5: mid: [2711.8965517241377, 16.200000000000003, 25.51724137931035]
5: mid: [2711.8965517241377, 16.200000000000003, 25.51724137931035]
5: mid: [2711.8965517241377, 16.200000000000003, 25.51724137931035]
5: mid: [2688.5714285714284, 16.225, 25.71428571428572]
5: mid: [2688.5714285714284, 16.225, 25.71428571428572]
5: mid: [2688.5714285714284, 16.225, 25.71428571428572]
5: mid: [2688.5714285714284, 16.225, 25.71428571428572]
6: top: [2830.0, 15.9, 20.0]
6: top: [2830.0, 15.9, 20.0]
6: top: [2830.0, 15.9, 20.0]
6: top: [2830.0, 15.9, 20.0]
6: top: [2830.0, 15.9, 20.0]
6: top: [2830.0, 15.9, 20.0]
6: top: [2830.0, 15.9, 20.0]
6: top: [2830.0, 15.9, 20.0]
6: top: [2830.0, 15.9, 20.0]
6: top: [2830.0, 15.9, 20.0]
xxxxxxxxxxxxxxxxxxxxxxxxxxxxxxxxxxxxxxxxxxxxxxxxxxxxxxxxxxxxxxxxxxxxxxxxxxxxxxxxxxxxxxxxxx
------------------------------------------------------------------------------------------
SEED:  10106
------------------------------------------------------------------------------------------
1. top6: [[3781.0, 17.0, 20.0], [3430.0, 17.2, 20.0], [4951.0, 11.0, 10.0], [2694.0, 15.0, 20.0], [1845.0, 15.3, 30.0], [3302.0, 15.5, 20.0]]
2. top50:[[[3781.0, 17.0, 20.0], [3430.0, 17.2, 20.0], [4951.0, 11.0, 10.0], [2694.0, 15.0, 20.0], [1845.0, 15.3, 30.0], [3302.0, 15.5, 20.0], [4274.0, 12.0, 10.0], [2625.0, 18.6, 30.0], [3425.0, 16.9, 20.0], [1795.0, 17.4, 30.0], [2745.0, 16.7, 20.0], [2933.0, 14.5, 20.0], [4382.0, 13.5, 10.0], [2310.0, 18.5, 20.0], [3761.0, 9.5, 20.0], [2110.0, 19.2, 40.0], [3158.0, 19.5, 20.0], [2380.0, 20.7, 30.0], [4341.0, 10.0, 20.0], [2670.0, 15.0, 30.0], [4955.0, 11.5, 10.0], [2223.0, 16.5, 30.0], [2144.0, 14.7, 40.0], [3070.0, 16.7, 20.0], [2155.0, 14.8, 30.0], [4657.0, 13.5, 10.0], [2215.0, 14.9, 30.0], [4952.0, 11.5, 10.0], [3245.0, 15.4, 20.0], [1965.0, 15.7, 30.0], [1968.0, 18.8, 40.0], [2150.0, 14.9, 30.0], [2130.0, 14.5, 30.0], [2451.0, 16.5, 30.0], [2790.0, 15.6, 30.0], [2789.0, 15.0, 20.0], [3940.0, 13.0, 20.0], [3399.0, 11.0, 20.0], [2085.0, 21.7, 40.0], [2900.0, 12.6, 30.0], [2265.0, 15.5, 30.0], [2130.0, 14.5, 30.0], [4360.0, 14.9, 20.0], [2905.0, 14.3, 20.0], [3962.0, 13.9, 20.0], [2405.0, 14.9, 20.0], [1975.0, 15.2, 30.0], [1963.0, 15.5, 30.0], [1800.0, 16.4, 40.0], [2595.0, 11.3, 30.0]]]
3. most: [2130.0, 24.6, 40.0]
4: rand:[2556.0, 13.2, 30.0]
4: rand:[2220.0, 16.9, 30.0]
4: rand:[2815.0, 14.5, 20.0]
4: rand:[2900.0, 12.6, 30.0]
4: rand:[2660.0, 14.0, 20.0]
4: rand:[3070.0, 16.7, 20.0]
4: rand:[2660.0, 14.0, 20.0]
4: rand:[4154.0, 13.5, 10.0]
4: rand:[3761.0, 9.5, 20.0]
4: rand:[3399.0, 11.0, 20.0]
5: mid: [2031.720430107527, 17.238709677419358, 32.473118279569896]
5: mid: [2119.5080645161283, 16.806451612903224, 31.774193548387093]
5: mid: [2121.8453608247423, 16.919587628865987, 32.8865979381443]
5: mid: [2099.5287356321855, 16.878160919540232, 33.218390804597696]
5: mid: [1987.3035714285713, 17.23214285714286, 33.39285714285713]
5: mid: [1966.659090909091, 17.195454545454545, 34.31818181818182]
5: mid: [2038.2173913043478, 16.902898550724633, 34.05797101449274]
5: mid: [2037.120689655172, 17.106896551724134, 34.482758620689665]
5: mid: [2005.8958333333337, 17.277083333333334, 34.79166666666666]
5: mid: [1961.9473684210527, 17.50263157894737, 35.52631578947368]
6: top: [2019.0, 16.4, 40.0]
6: top: [2019.0, 16.4, 40.0]
6: top: [2019.0, 16.4, 40.0]
6: top: [2019.0, 16.4, 40.0]
6: top: [1985.0, 21.5, 40.0]
6: top: [1985.0, 21.5, 40.0]
6: top: [1985.0, 21.5, 40.0]
6: top: [1985.0, 21.5, 40.0]
6: top: [1985.0, 21.5, 40.0]
6: top: [1985.0, 21.5, 40.0]
xxxxxxxxxxxxxxxxxxxxxxxxxxxxxxxxxxxxxxxxxxxxxxxxxxxxxxxxxxxxxxxxxxxxxxxxxxxxxxxxxxxxxxxxxx
------------------------------------------------------------------------------------------
SEED:  12259
------------------------------------------------------------------------------------------
1. top6: [[2265.0, 18.2, 30.0], [3940.0, 13.0, 20.0], [2379.0, 16.5, 20.0], [1825.0, 18.6, 40.0], [2735.0, 18.0, 30.0], [2542.0, 17.0, 30.0]]
2. top50:[[[2265.0, 18.2, 30.0], [3940.0, 13.0, 20.0], [2379.0, 16.5, 20.0], [1825.0, 18.6, 40.0], [2735.0, 18.0, 30.0], [2542.0, 17.0, 30.0], [4699.0, 14.5, 10.0], [4382.0, 13.5, 10.0], [3897.0, 18.5, 20.0], [2500.0, 15.1, 40.0], [2670.0, 15.0, 30.0], [1955.0, 20.5, 30.0], [3086.0, 10.0, 10.0], [4380.0, 12.1, 20.0], [3070.0, 16.7, 20.0], [1795.0, 17.5, 30.0], [2100.0, 16.5, 30.0], [3436.0, 11.0, 20.0], [3613.0, 16.5, 20.0], [3785.0, 19.0, 20.0], [2745.0, 16.7, 20.0], [2288.0, 17.0, 30.0], [3821.0, 11.0, 10.0], [2489.0, 15.0, 20.0], [2790.0, 15.6, 30.0], [2025.0, 18.2, 40.0], [2370.0, 13.0, 40.0], [3609.0, 8.0, 10.0], [3250.0, 21.8, 30.0], [2542.0, 17.5, 30.0], [3158.0, 19.5, 20.0], [2720.0, 13.5, 20.0], [1825.0, 12.2, 30.0], [2130.0, 24.6, 40.0], [4464.0, 12.0, 10.0], [3535.0, 19.2, 20.0], [2670.0, 16.0, 30.0], [2220.0, 14.0, 20.0], [2933.0, 14.5, 20.0], [2003.0, 19.0, 30.0], [3160.0, 19.6, 30.0], [3520.0, 16.4, 20.0], [1755.0, 16.9, 40.0], [1985.0, 16.0, 30.0], [1950.0, 21.0, 30.0], [3830.0, 15.2, 20.0], [2164.0, 22.1, 20.0], [2434.0, 15.0, 40.0], [3439.0, 15.5, 20.0], [3121.0, 16.5, 20.0]]]
3. most: [2130.0, 24.6, 40.0]
4: rand:[1985.0, 21.5, 40.0]
4: rand:[3288.0, 15.5, 20.0]
4: rand:[2700.0, 12.9, 30.0]
4: rand:[4140.0, 13.7, 20.0]
4: rand:[1945.0, 16.8, 30.0]
4: rand:[4440.0, 14.0, 20.0]
4: rand:[2380.0, 20.7, 30.0]
4: rand:[3210.0, 17.2, 20.0]
4: rand:[2288.0, 17.0, 30.0]
4: rand:[2379.0, 16.5, 20.0]
5: mid: [2483.4516129032254, 15.617741935483872, 27.25806451612903]
5: mid: [2497.1249999999995, 15.61875, 26.406250000000007]
5: mid: [2305.6150000000002, 16.613999999999997, 29.45]
5: mid: [2308.2914572864315, 16.602010050251256, 29.44723618090452]
5: mid: [2306.4242424242425, 16.60252525252524, 29.44444444444443]
5: mid: [2308.0304568527918, 16.611167512690358, 29.441624365482227]
5: mid: [2308.0304568527918, 16.611167512690358, 29.441624365482227]
5: mid: [2308.0304568527918, 16.611167512690358, 29.441624365482227]
5: mid: [2308.484693877551, 16.611734693877537, 29.438775510204074]
5: mid: [2308.484693877551, 16.611734693877537, 29.438775510204074]
6: top: [2500.0, 15.1, 40.0]
6: top: [2500.0, 15.1, 40.0]
6: top: [2500.0, 15.1, 40.0]
6: top: [1773.0, 19.0, 30.0]
6: top: [1773.0, 19.0, 30.0]
6: top: [1773.0, 19.0, 30.0]
6: top: [1773.0, 19.0, 30.0]
6: top: [1773.0, 19.0, 30.0]
6: top: [1773.0, 19.0, 30.0]
6: top: [1773.0, 19.0, 30.0]
xxxxxxxxxxxxxxxxxxxxxxxxxxxxxxxxxxxxxxxxxxxxxxxxxxxxxxxxxxxxxxxxxxxxxxxxxxxxxxxxxxxxxxxxxx